<?xml version="1.0" encoding="UTF-8"?>
<!-- Generated by org.testng.reporters.JUnitXMLReporter -->
<testsuite ignored="2" hostname="Sandeep" failures="0" tests="1" name="BrowserStack Test Edge" time="10.448" errors="0" timestamp="2024-09-10T22:30:42 IST">
  <testcase classname="com.browserstack.TestBrowserStack" name="loginTest3" time="3.451"/>
  <testcase classname="com.browserstack.TestBrowserStack" name="loginTest2" time="0.0">
    <ignored/>
  </testcase> <!-- loginTest2 -->
  <testcase classname="com.browserstack.TestBrowserStack" name="loginTest" time="0.0">
    <ignored/>
  </testcase> <!-- loginTest -->
</testsuite> <!-- BrowserStack Test Edge -->
