<?xml version="1.0" encoding="UTF-8"?>
<!-- Generated by org.testng.reporters.JUnitXMLReporter -->
<testsuite ignored="2" hostname="Sandeep" failures="0" tests="1" name="BrowserStack Test Firefox" time="25.578" errors="0" timestamp="2024-09-10T22:30:41 IST">
  <testcase classname="com.browserstack.TestBrowserStack" name="loginTest2" time="4.558"/>
  <testcase classname="com.browserstack.TestBrowserStack" name="loginTest" time="0.0">
    <ignored/>
  </testcase> <!-- loginTest -->
  <testcase classname="com.browserstack.TestBrowserStack" name="loginTest3" time="0.0">
    <ignored/>
  </testcase> <!-- loginTest3 -->
</testsuite> <!-- BrowserStack Test Firefox -->
