<?xml version="1.0" encoding="UTF-8"?>
<!-- Generated by org.testng.reporters.JUnitXMLReporter -->
<testsuite ignored="0" hostname="Sandeep" failures="2" tests="8" name="TestFailedCasesRetry (failed)" time="0.07" errors="0" timestamp="2024-06-20T17:27:03 IST">
  <testcase classname="com.testng.test.TestRetry" name="test4" time="0.014">
    <skipped/>
  </testcase> <!-- test4 -->
  <testcase classname="com.testng.test.TestRetry" name="test4" time="0.001">
    <skipped/>
  </testcase> <!-- test4 -->
  <testcase classname="com.testng.test.TestRetry" name="test4" time="0.0">
    <skipped/>
  </testcase> <!-- test4 -->
  <testcase classname="com.testng.test.TestRetry" name="test4" time="0.0">
    <failure type="java.lang.AssertionError" message="expected [true] but found [false]">
      <![CDATA[java.lang.AssertionError: expected [true] but found [false]
at com.testng.test.TestRetry.test4(TestRetry.java:25)
at java.base/java.util.ArrayList.forEach(ArrayList.java:1511)
at com.selemiun.practice.DynamicGoogleSearch.main(DynamicGoogleSearch.java:37)
... Removed 31 stack frames]]>
    </failure>
  </testcase> <!-- test4 -->
  <testcase classname="com.testng.test.TestRetry" name="test3" time="0.0">
    <skipped/>
  </testcase> <!-- test3 -->
  <testcase classname="com.testng.test.TestRetry" name="test3" time="0.0">
    <skipped/>
  </testcase> <!-- test3 -->
  <testcase classname="com.testng.test.TestRetry" name="test3" time="0.0">
    <skipped/>
  </testcase> <!-- test3 -->
  <testcase classname="com.testng.test.TestRetry" name="test3" time="0.0">
    <failure type="java.lang.AssertionError" message="expected [true] but found [false]">
      <![CDATA[java.lang.AssertionError: expected [true] but found [false]
at com.testng.test.TestRetry.test3(TestRetry.java:20)
at java.base/java.util.ArrayList.forEach(ArrayList.java:1511)
at com.selemiun.practice.DynamicGoogleSearch.main(DynamicGoogleSearch.java:37)
... Removed 31 stack frames]]>
    </failure>
  </testcase> <!-- test3 -->
</testsuite> <!-- TestFailedCasesRetry (failed) -->
